<?xml version="1.0" encoding="UTF-8"?>
<testng-results skipped="0" failed="0" ignored="0" total="1" passed="1">
  <reporter-output>
  </reporter-output>
  <suite name="Default suite" duration-ms="8467" started-at="2019-12-02T20:59:03 IST" finished-at="2019-12-02T20:59:12 IST">
    <groups>
    </groups>
    <test name="Default test" duration-ms="8467" started-at="2019-12-02T20:59:03 IST" finished-at="2019-12-02T20:59:12 IST">
      <class name="Delete.DeleteCustomer">
        <test-method status="PASS" signature="OpenBrowser()[pri:0, instance:Delete.DeleteCustomer@27d415d9]" name="OpenBrowser" is-config="true" duration-ms="5865" started-at="2019-12-02T20:59:03 IST" finished-at="2019-12-02T20:59:09 IST">
          <reporter-output>
          </reporter-output>
        </test-method> <!-- OpenBrowser -->
        <test-method status="PASS" signature="Login()[pri:0, instance:Delete.DeleteCustomer@27d415d9]" name="Login" is-config="true" duration-ms="396" started-at="2019-12-02T20:59:09 IST" finished-at="2019-12-02T20:59:09 IST">
          <reporter-output>
          </reporter-output>
        </test-method> <!-- Login -->
        <test-method status="PASS" signature="testDeleteCustomer()[pri:0, instance:Delete.DeleteCustomer@27d415d9]" name="testDeleteCustomer" duration-ms="1805" started-at="2019-12-02T20:59:09 IST" finished-at="2019-12-02T20:59:11 IST">
          <reporter-output>
          </reporter-output>
        </test-method> <!-- testDeleteCustomer -->
        <test-method status="PASS" signature="Logout()[pri:0, instance:Delete.DeleteCustomer@27d415d9]" name="Logout" is-config="true" duration-ms="205" started-at="2019-12-02T20:59:11 IST" finished-at="2019-12-02T20:59:11 IST">
          <reporter-output>
          </reporter-output>
        </test-method> <!-- Logout -->
        <test-method status="PASS" signature="CloseBrowser()[pri:0, instance:Delete.DeleteCustomer@27d415d9]" name="CloseBrowser" is-config="true" duration-ms="133" started-at="2019-12-02T20:59:12 IST" finished-at="2019-12-02T20:59:12 IST">
          <reporter-output>
          </reporter-output>
        </test-method> <!-- CloseBrowser -->
      </class> <!-- Delete.DeleteCustomer -->
    </test> <!-- Default test -->
  </suite> <!-- Default suite -->
</testng-results>
